<?xml version="1.0" encoding="UTF-8"?>
<!-- Generated by org.testng.reporters.JUnitReportReporter -->
<testsuite hostname="IND-CHN-LT10934" failures="0" tests="1" name="com.qa.dt.test.AconexRegression" time="226.180" errors="0" timestamp="2023-12-20T11:34:30 IST" skipped="0">
  <testcase classname="com.qa.dt.test.AconexRegression" name="verifyFilesSyncedAndImported" time="226.180"/>
  <system-out/>
</testsuite> <!-- com.qa.dt.test.AconexRegression -->
