<?xml version="1.0" encoding="UTF-8"?>
<!-- Generated by org.testng.reporters.JUnitReportReporter -->
<testsuite hostname="IND-CHN-LT10934" failures="0" tests="1" name="com.qa.dt.test.FileServices.FileServicesRegression" time="81.842" errors="0" timestamp="2023-05-17T12:55:37 IST" skipped="0">
  <testcase classname="com.qa.dt.test.FileServices.FileServicesRegression" name="verifyHierarchyOfFoldersDisplayed" time="81.842"/>
  <system-out/>
</testsuite> <!-- com.qa.dt.test.FileServices.FileServicesRegression -->
