<?xml version="1.0" encoding="UTF-8"?>
<!-- Generated by org.testng.reporters.JUnitReportReporter -->
<testsuite hostname="IND-CHN-LT10934" failures="0" tests="1" name="com.qa.dt.test.V2.PassportServices.UserGroups.userGroupsRegression" time="54.182" errors="0" timestamp="2023-06-27T12:52:15 IST" skipped="0">
  <testcase classname="com.qa.dt.test.V2.PassportServices.UserGroups.userGroupsRegression" name="validateWorkspaceCreated" time="54.182"/>
  <system-out/>
</testsuite> <!-- com.qa.dt.test.V2.PassportServices.UserGroups.userGroupsRegression -->
