<?xml version="1.0" encoding="UTF-8"?>
<!-- Generated by org.testng.reporters.JUnitReportReporter -->
<testsuite hostname="IND-CHN-LT10934" failures="0" tests="1" name="com.qa.dt.test.PassportServices.Workspaces.WorkspaceRegression" time="54.815" errors="0" timestamp="2023-05-23T11:15:46 IST" skipped="0">
  <testcase classname="com.qa.dt.test.PassportServices.Workspaces.WorkspaceRegression" name="verifyWorkspaceUpdatedOrNot" time="54.815"/>
  <system-out/>
</testsuite> <!-- com.qa.dt.test.PassportServices.Workspaces.WorkspaceRegression -->
