<?xml version="1.0" encoding="UTF-8"?>
<!-- Generated by org.testng.reporters.JUnitReportReporter -->
<testsuite hostname="IND-CHN-LT10934" failures="0" tests="1" name="com.qa.dt.test.PassportServices.UserGroupTest" time="118.305" errors="0" timestamp="2023-05-12T14:57:31 IST" skipped="0">
  <testcase classname="com.qa.dt.test.PassportServices.UserGroupTest" name="verifyUserGroupValidations" time="118.305"/>
  <system-out/>
</testsuite> <!-- com.qa.dt.test.PassportServices.UserGroupTest -->
