<?xml version="1.0" encoding="UTF-8"?>
<!-- Generated by org.testng.reporters.JUnitReportReporter -->
<testsuite hostname="IND-CHN-LT10934" failures="0" tests="1" name="com.qa.dt.test.ItemServices.ItemServicesTest" time="144.266" errors="0" timestamp="2023-05-23T11:15:46 IST" skipped="0">
  <testcase classname="com.qa.dt.test.ItemServices.ItemServicesTest" name="verifyItemServicesTable" time="144.266"/>
  <system-out/>
</testsuite> <!-- com.qa.dt.test.ItemServices.ItemServicesTest -->
