<?xml version="1.0" encoding="UTF-8"?>
<!-- Generated by org.testng.reporters.JUnitReportReporter -->
<testsuite hostname="IND-CHN-LT10934" failures="0" tests="1" name="com.qa.dt.test.LoginintoTheApplicationTest" time="31.200" errors="0" timestamp="2023-12-18T18:27:04 IST" skipped="0">
  <testcase classname="com.qa.dt.test.LoginintoTheApplicationTest" name="loginTheApplication" time="31.200"/>
  <system-out/>
</testsuite> <!-- com.qa.dt.test.LoginintoTheApplicationTest -->
