<?xml version="1.0" encoding="UTF-8"?>
<!-- Generated by org.testng.reporters.JUnitReportReporter -->
<testsuite hostname="INVCHN-LTM-066" failures="0" tests="1" name="com.qa.dt.test.Assets" time="37.947" errors="0" timestamp="2022-12-02T11:18:53 IST" skipped="0">
  <testcase classname="com.qa.dt.test.Assets" name="validationAssetPropertiestables" time="37.947"/>
  <system-out/>
</testsuite> <!-- com.qa.dt.test.Assets -->
