<?xml version="1.0" encoding="UTF-8"?>
<!-- Generated by org.testng.reporters.JUnitReportReporter -->
<testsuite hostname="IND-CHN-LT10934" failures="0" tests="1" name="com.qa.dt.test.AccountsDetailTest" time="58.187" errors="0" timestamp="2023-11-02T12:04:21 IST" skipped="0">
  <testcase classname="com.qa.dt.test.AccountsDetailTest" name="verifyAccountsDetailPageAndLogout" time="58.187"/>
  <system-out/>
</testsuite> <!-- com.qa.dt.test.AccountsDetailTest -->
