<?xml version="1.0" encoding="UTF-8"?>
<!-- Generated by org.testng.reporters.JUnitReportReporter -->
<testsuite hostname="IND-CHN-LT10934" failures="0" tests="1" name="com.qa.dt.test.AccountsDetailTest" time="57.109" errors="0" timestamp="27 Sep 2023 06:56:41 GMT" skipped="0">
  <testcase classname="com.qa.dt.test.AccountsDetailTest" name="verifyAccountsDetailPageAndLogout" time="57.109"/>
</testsuite> <!-- com.qa.dt.test.AccountsDetailTest -->
